{
  "RSpec": {
    "coverage": {
      "/home/hui/Documents/Projects/q-jumpr/config/environment.rb": [
        null,
        1,
        null,
        null,
        1
      ],
      "/home/hui/Documents/Projects/q-jumpr/config/application.rb": [
        1,
        null,
        1,
        null,
        null,
        null,
        1,
        null,
        1,
        1,
        null,
        null,
        null,
        null,
        null,
        null,
        null,
        null,
        null,
        null,
        null,
        null,
        null
      ],
      "/home/hui/Documents/Projects/q-jumpr/config/boot.rb": [
        null,
        1,
        null,
        1
      ],
      "/home/hui/Documents/Projects/q-jumpr/config/environments/test.rb": [
        1,
        null,
        null,
        null,
        null,
        null,
        null,
        1,
        null,
        null,
        null,
        null,
        1,
        null,
        null,
        1,
        1,
        null,
        null,
        1,
        1,
        null,
        null,
        1,
        null,
        null,
        1,
        null,
        null,
        null,
        null,
        1,
        null,
        null,
        1,
        null
      ],
      "/home/hui/Documents/Projects/q-jumpr/config/initializers/backtrace_silencers.rb": [
        null,
        null,
        null,
        null,
        null,
        null,
        null
      ],
      "/home/hui/Documents/Projects/q-jumpr/config/initializers/filter_parameter_logging.rb": [
        null,
        null,
        null,
        1
      ],
      "/home/hui/Documents/Projects/q-jumpr/config/initializers/inflections.rb": [
        null,
        null,
        null,
        null,
        null,
        null,
        null,
        null,
        null,
        null,
        null,
        null,
        null,
        null,
        null,
        null
      ],
      "/home/hui/Documents/Projects/q-jumpr/config/initializers/mime_types.rb": [
        null,
        null,
        null,
        null,
        null
      ],
      "/home/hui/Documents/Projects/q-jumpr/config/initializers/secret_token.rb": [
        null,
        null,
        null,
        null,
        null,
        null,
        null,
        null,
        null,
        null,
        null,
        1
      ],
      "/home/hui/Documents/Projects/q-jumpr/config/initializers/session_store.rb": [
        null,
        null,
        1
      ],
      "/home/hui/Documents/Projects/q-jumpr/config/initializers/wrap_parameters.rb": [
        null,
        null,
        null,
        null,
        null,
        null,
        1,
        1,
        null,
        null,
        null,
        null,
        null,
        null
      ],
      "/home/hui/Documents/Projects/q-jumpr/config/routes.rb": [
        1,
        1,
        1,
        1,
        1,
        null,
        1,
        null,
        1,
        1,
        1,
        null
      ],
      "/home/hui/Documents/Projects/q-jumpr/app/helpers/application_helper.rb": [
        1,
        1,
        6,
        0,
        null,
        null,
        6,
        null,
        null,
        null
      ],
      "/home/hui/Documents/Projects/q-jumpr/spec/models/bid_spec.rb": [
        1,
        null,
        1,
        null,
        1,
        1,
        1,
        1,
        null,
        null,
        null,
        1,
        1,
        1,
        1,
        null,
        null,
        null,
        1,
        null,
        null,
        null,
        null,
        null,
        null,
        null
      ],
      "/home/hui/Documents/Projects/q-jumpr/app/models/bid.rb": [
        null,
        null,
        null,
        null,
        null,
        null,
        null,
        null,
        null,
        null,
        null,
        null,
        null,
        null,
        1,
        1,
        1,
        1,
        null,
        1,
        1,
        null
      ],
      "/home/hui/Documents/Projects/q-jumpr/spec/models/offer_spec.rb": [
        1,
        null,
        1,
        null,
        1,
        1,
        1,
        1,
        null,
        null,
        null,
        1,
        1,
        1,
        1,
        1,
        1,
        null,
        null,
        null,
        null
      ],
      "/home/hui/Documents/Projects/q-jumpr/app/models/offer.rb": [
        null,
        null,
        null,
        null,
        null,
        null,
        null,
        null,
        null,
        null,
        null,
        null,
        null,
        null,
        null,
        null,
        null,
        1,
        1,
        null,
        1,
        1,
        1,
        null,
        1,
        1,
        1,
        1,
        null,
        1,
        0,
        null,
        null,
        1,
        1,
        0,
        null,
        0,
        0,
        0,
        null,
        null,
        null,
        null
      ],
      "/home/hui/Documents/Projects/q-jumpr/spec/models/user_spec.rb": [
        1,
        null,
        1,
        1,
        1,
        1,
        1,
        null,
        null,
        null,
        1,
        1,
        1,
        1,
        1,
        1,
        null,
        null,
        null,
        1,
        1,
        1,
        1,
        1,
        1,
        null,
        null,
        null,
        null
      ],
      "/home/hui/Documents/Projects/q-jumpr/app/models/user.rb": [
        null,
        null,
        null,
        null,
        null,
        null,
        null,
        null,
        null,
        null,
        null,
        null,
        1,
        1,
        1,
        1,
        1,
        null,
        1,
        null
      ],
      "/home/hui/Documents/Projects/q-jumpr/app/controllers/home_controller.rb": [
        1,
        1,
        3,
        null,
        null
      ],
      "/home/hui/Documents/Projects/q-jumpr/app/controllers/application_controller.rb": [
        1,
        null,
        null,
        1,
        1,
        null,
        null,
        1,
        1,
        7,
        0,
        0,
        0,
        0,
        null,
        null,
        null
      ],
      "/home/hui/Documents/Projects/q-jumpr/app/controllers/session_controller.rb": [
        1,
        1,
        null,
        null,
        1,
        1,
        1,
        0,
        0,
        null,
        1,
        null,
        null,
        null,
        1,
        0,
        0,
        null,
        null
      ]
    },
    "timestamp": 1376030888
  }
}
